{"numFailedTestSuites":2,"numFailedTests":0,"numPassedTestSuites":0,"numPassedTests":0,"numPendingTestSuites":0,"numPendingTests":0,"numRuntimeErrorTestSuites":2,"numTodoTests":0,"numTotalTestSuites":2,"numTotalTests":0,"openHandles":[],"snapshot":{"added":0,"didUpdate":false,"failure":false,"filesAdded":0,"filesRemoved":0,"filesRemovedList":[],"filesUnmatched":0,"filesUpdated":0,"matched":0,"total":0,"unchecked":0,"uncheckedKeysByFile":[],"unmatched":0,"updated":0},"startTime":1774261735970,"success":false,"testResults":[{"assertionResults":[],"coverage":{},"endTime":1774261736574,"message":"  ● Test suite failed to run\n\n    Cannot find module '@babel/preset-env'\n    Require stack:\n    - /workspace/node_modules/@babel/core/lib/config/files/plugins.js\n    - /workspace/node_modules/@babel/core/lib/config/files/index.js\n    - /workspace/node_modules/@babel/core/lib/index.js\n    - /workspace/node_modules/jest-snapshot/build/InlineSnapshots.js\n    - /workspace/node_modules/jest-snapshot/build/State.js\n    - /workspace/node_modules/jest-snapshot/build/index.js\n    - /workspace/node_modules/jest-runtime/build/index.js\n    - /workspace/node_modules/@jest/core/build/cli/index.js\n    - /workspace/node_modules/@jest/core/build/index.js\n    - /workspace/node_modules/jest-cli/build/run.js\n    - /workspace/node_modules/jest-cli/build/index.js\n    - /workspace/node_modules/jest-cli/bin/jest.js\n    - /workspace/node_modules/jest/bin/jest.js\n\n    Make sure that all the Babel plugins and presets you are using\n    are defined as dependencies or devDependencies in your package.json\n    file. It's possible that the missing plugin is loaded by a preset\n    you are using that forgot to add the plugin to its dependencies: you\n    can workaround this problem by explicitly adding the missing package\n    to your top-level package.json.\n\n      at tryRequireResolve (node_modules/@babel/core/src/config/files/plugins.ts:140:36)\n      at tryRequireResolve (node_modules/@babel/core/src/config/files/plugins.ts:168:19)\n      at resolveStandardizedNameForRequire (node_modules/@babel/core/src/config/files/plugins.ts:196:12)\n      at resolvePreset (node_modules/@babel/core/src/config/files/plugins.ts:50:32)\n          at loadPreset.next (<anonymous>)\n      at resolver (node_modules/@babel/core/src/config/config-descriptors.ts:325:35)\n          at createDescriptor.next (<anonymous>)\n      at evaluateSync (node_modules/gensync/index.js:251:28)\n      at node_modules/gensync/index.js:31:34\n          at Array.map (<anonymous>)\n      at Function.sync (node_modules/gensync/index.js:31:22)\n      at Function.all (node_modules/gensync/index.js:210:24)\n      at all (node_modules/@babel/core/src/config/config-descriptors.ts:266:38)\n          at createDescriptors.next (<anonymous>)\n      at createDescriptors (node_modules/@babel/core/src/config/config-descriptors.ts:240:17)\n          at createPresetDescriptors.next (<anonymous>)\n      at fn (node_modules/@babel/core/src/gensync-utils/functional.ts:18:46)\n      at presets (node_modules/@babel/core/src/config/config-chain.ts:727:34)\n          at mergeChainOpts.next (<anonymous>)\n      at mergeChainOpts (node_modules/@babel/core/src/config/config-chain.ts:663:14)\n          at chainWalker.next (<anonymous>)\n      at loadFileChainWalker (node_modules/@babel/core/src/config/config-chain.ts:400:24)\n          at loadFileChain.next (<anonymous>)\n      at loadFileChain (node_modules/@babel/core/src/config/config-chain.ts:186:27)\n          at buildRootChain.next (<anonymous>)\n      at loadPrivatePartialConfig (node_modules/@babel/core/src/config/partial.ts:110:44)\n          at loadPrivatePartialConfig.next (<anonymous>)\n      at loadPrivatePartialConfig (node_modules/@babel/core/src/config/partial.ts:169:12)\n          at loadPartialConfig.next (<anonymous>)\n      at evaluateSync (node_modules/gensync/index.js:251:28)\n      at sync (node_modules/gensync/index.js:89:14)\n      at fn (node_modules/@babel/core/src/errors/rewrite-stack-trace.ts:99:14)\n      at loadPartialConfigSync (node_modules/@babel/core/src/config/index.ts:53:60)\n      at loadPartialConfigSync (node_modules/@babel/core/src/config/index.ts:72:14)\n      at ScriptTransformer._getCacheKey (node_modules/@jest/transform/build/ScriptTransformer.js:228:41)\n      at ScriptTransformer._getFileCachePath (node_modules/@jest/transform/build/ScriptTransformer.js:289:27)\n      at ScriptTransformer.transformSource (node_modules/@jest/transform/build/ScriptTransformer.js:525:32)\n      at ScriptTransformer._transformAndBuildScript (node_modules/@jest/transform/build/ScriptTransformer.js:674:40)\n      at ScriptTransformer.transform (node_modules/@jest/transform/build/ScriptTransformer.js:726:19)\n","name":"/workspace/agent/claim-filing-ui-24391/tests/merge.test.js","startTime":1774261736574,"status":"failed","summary":""},{"assertionResults":[],"coverage":{},"endTime":1774261736574,"message":"  ● Test suite failed to run\n\n    Cannot find module '@babel/preset-env'\n    Require stack:\n    - /workspace/node_modules/@babel/core/lib/config/files/plugins.js\n    - /workspace/node_modules/@babel/core/lib/config/files/index.js\n    - /workspace/node_modules/@babel/core/lib/index.js\n    - /workspace/node_modules/jest-snapshot/build/InlineSnapshots.js\n    - /workspace/node_modules/jest-snapshot/build/State.js\n    - /workspace/node_modules/jest-snapshot/build/index.js\n    - /workspace/node_modules/jest-runtime/build/index.js\n    - /workspace/node_modules/@jest/core/build/cli/index.js\n    - /workspace/node_modules/@jest/core/build/index.js\n    - /workspace/node_modules/jest-cli/build/run.js\n    - /workspace/node_modules/jest-cli/build/index.js\n    - /workspace/node_modules/jest-cli/bin/jest.js\n    - /workspace/node_modules/jest/bin/jest.js\n\n    Make sure that all the Babel plugins and presets you are using\n    are defined as dependencies or devDependencies in your package.json\n    file. It's possible that the missing plugin is loaded by a preset\n    you are using that forgot to add the plugin to its dependencies: you\n    can workaround this problem by explicitly adding the missing package\n    to your top-level package.json.\n\n      at tryRequireResolve (node_modules/@babel/core/src/config/files/plugins.ts:140:36)\n      at tryRequireResolve (node_modules/@babel/core/src/config/files/plugins.ts:168:19)\n      at resolveStandardizedNameForRequire (node_modules/@babel/core/src/config/files/plugins.ts:196:12)\n      at resolvePreset (node_modules/@babel/core/src/config/files/plugins.ts:50:32)\n          at loadPreset.next (<anonymous>)\n      at resolver (node_modules/@babel/core/src/config/config-descriptors.ts:325:35)\n          at createDescriptor.next (<anonymous>)\n      at evaluateSync (node_modules/gensync/index.js:251:28)\n      at node_modules/gensync/index.js:31:34\n          at Array.map (<anonymous>)\n      at Function.sync (node_modules/gensync/index.js:31:22)\n      at Function.all (node_modules/gensync/index.js:210:24)\n      at all (node_modules/@babel/core/src/config/config-descriptors.ts:266:38)\n          at createDescriptors.next (<anonymous>)\n      at createDescriptors (node_modules/@babel/core/src/config/config-descriptors.ts:240:17)\n          at createPresetDescriptors.next (<anonymous>)\n      at fn (node_modules/@babel/core/src/gensync-utils/functional.ts:18:46)\n      at presets (node_modules/@babel/core/src/config/config-chain.ts:727:34)\n          at mergeChainOpts.next (<anonymous>)\n      at mergeChainOpts (node_modules/@babel/core/src/config/config-chain.ts:663:14)\n          at chainWalker.next (<anonymous>)\n      at loadFileChainWalker (node_modules/@babel/core/src/config/config-chain.ts:400:24)\n          at loadFileChain.next (<anonymous>)\n      at loadFileChain (node_modules/@babel/core/src/config/config-chain.ts:186:27)\n          at buildRootChain.next (<anonymous>)\n      at loadPrivatePartialConfig (node_modules/@babel/core/src/config/partial.ts:110:44)\n          at loadPrivatePartialConfig.next (<anonymous>)\n      at loadPrivatePartialConfig (node_modules/@babel/core/src/config/partial.ts:169:12)\n          at loadPartialConfig.next (<anonymous>)\n      at evaluateSync (node_modules/gensync/index.js:251:28)\n      at sync (node_modules/gensync/index.js:89:14)\n      at fn (node_modules/@babel/core/src/errors/rewrite-stack-trace.ts:99:14)\n      at loadPartialConfigSync (node_modules/@babel/core/src/config/index.ts:53:60)\n      at loadPartialConfigSync (node_modules/@babel/core/src/config/index.ts:72:14)\n      at ScriptTransformer._getCacheKey (node_modules/@jest/transform/build/ScriptTransformer.js:228:41)\n      at ScriptTransformer._getFileCachePath (node_modules/@jest/transform/build/ScriptTransformer.js:289:27)\n      at ScriptTransformer.transformSource (node_modules/@jest/transform/build/ScriptTransformer.js:525:32)\n      at ScriptTransformer._transformAndBuildScript (node_modules/@jest/transform/build/ScriptTransformer.js:674:40)\n      at ScriptTransformer.transform (node_modules/@jest/transform/build/ScriptTransformer.js:726:19)\n","name":"/workspace/src/__tests__/basic.test.js","startTime":1774261736574,"status":"failed","summary":""}],"wasInterrupted":false}
